{
  "RSpec": {
    "coverage": {
      "/home/mc/ProjektTravis/lib/statki/board.rb": [
        1,
        1,
        1,
        32,
        32,
        32,
        32,
        32,
        352,
        null,
        null,
        1,
        12,
        13,
        13,
        13,
        51,
        null,
        null,
        null,
        null,
        1,
        4,
        4,
        40,
        null,
        null,
        4,
        40,
        40,
        400,
        null,
        null,
        4,
        null,
        1,
        7,
        4,
        4,
        4,
        4,
        2,
        2,
        null,
        2,
        2,
        null,
        null,
        1,
        0,
        0,
        0,
        0,
        null,
        null,
        null,
        null,
        0,
        null,
        1,
        27,
        25,
        25,
        25,
        22,
        null,
        22,
        92,
        null,
        null,
        22,
        null,
        3,
        3,
        11,
        null,
        null,
        3,
        null,
        null,
        null,
        null,
        null,
        1,
        45,
        34,
        null,
        null,
        11,
        8,
        null,
        null,
        1,
        15,
        6,
        6,
        6,
        6,
        17,
        3,
        null,
        null,
        null,
        null,
        null,
        null,
        12,
        null,
        null,
        1,
        null,
        null,
        21,
        19,
        null,
        null,
        19,
        19,
        18,
        13,
        null,
        12,
        11,
        11,
        11,
        11,
        null,
        1,
        null,
        null,
        null,
        null,
        null
      ]
    },
    "timestamp": 1577793589
  }
}
